l:\___________my_project_cpp\___sea_battle_win32_cpp\debug\___sea_battle_win32_cpp.pch
l:\___________my_project_cpp\___sea_battle_win32_cpp\debug\vc140.pdb
l:\___________my_project_cpp\___sea_battle_win32_cpp\debug\vc140.idb
l:\___________my_project_cpp\___sea_battle_win32_cpp\debug\stdafx.obj
l:\___________my_project_cpp\___sea_battle_win32_cpp\debug\abstractship.obj
l:\___________my_project_cpp\___sea_battle_win32_cpp\debug\player.obj
l:\___________my_project_cpp\___sea_battle_win32_cpp\debug\seabattle.obj
l:\___________my_project_cpp\___sea_battle_win32_cpp\debug\___sea_battle_win32_cpp.obj
l:\___________my_project_cpp\___sea_battle_win32_cpp\debug\___sea_battle_win32_cpp.res
l:\___________my_project_cpp\___sea_battle_win32_cpp\debug\___sea_battle_win32_cpp.ilk
l:\___________my_project_cpp\___sea_battle_win32_cpp\debug\___sea_battle_win32_cpp.exe
l:\___________my_project_cpp\___sea_battle_win32_cpp\debug\___sea_battle_win32_cpp.pdb
i:\___________my_project_cpp\___sea_battle_win32_cpp\debug\stdafx.obj
i:\___________my_project_cpp\___sea_battle_win32_cpp\debug\abstractship.obj
i:\___________my_project_cpp\___sea_battle_win32_cpp\debug\player.obj
i:\___________my_project_cpp\___sea_battle_win32_cpp\debug\seabattle.obj
i:\___________my_project_cpp\___sea_battle_win32_cpp\debug\___sea_battle_win32_cpp.obj
i:\___________my_project_cpp\___sea_battle_win32_cpp\debug\___sea_battle_win32_cpp.ilk
i:\___________my_project_cpp\___sea_battle_win32_cpp\debug\___sea_battle_win32_cpp.res
i:\___________my_project_cpp\___sea_battle_win32_cpp\debug\___sea_battle_win32_cpp.pch
i:\___________my_project_cpp\___sea_battle_win32_cpp\debug\vc140.idb
i:\___________my_project_cpp\___sea_battle_win32_cpp\debug\vc140.pdb
i:\___________my_project_cpp\___sea_battle_win32_cpp\debug\___sea_battle_win32_cpp.pdb
i:\___________my_project_cpp\___sea_battle_win32_cpp\debug\___sea_b.63df62c8.tlog\cl.read.1.tlog
i:\___________my_project_cpp\___sea_battle_win32_cpp\debug\___sea_b.63df62c8.tlog\rc.read.1.tlog
i:\___________my_project_cpp\___sea_battle_win32_cpp\debug\___sea_b.63df62c8.tlog\cl.write.1.tlog
i:\___________my_project_cpp\___sea_battle_win32_cpp\debug\___sea_b.63df62c8.tlog\cl.command.1.tlog
i:\___________my_project_cpp\___sea_battle_win32_cpp\debug\___sea_b.63df62c8.tlog\link.read.1.tlog
i:\___________my_project_cpp\___sea_battle_win32_cpp\debug\___sea_b.63df62c8.tlog\rc.write.1.tlog
i:\___________my_project_cpp\___sea_battle_win32_cpp\debug\___sea_b.63df62c8.tlog\rc.command.1.tlog
i:\___________my_project_cpp\___sea_battle_win32_cpp\debug\___sea_b.63df62c8.tlog\link.command.1.tlog
i:\___________my_project_cpp\___sea_battle_win32_cpp\debug\___sea_b.63df62c8.tlog\link.write.1.tlog
