  stdafx.cpp
  ___Sea_Battle_Win32_cpp.cpp
  SeaBattle.cpp
i:\___________my_project_cpp\___sea_battle_win32_cpp\seabattle.cpp(28): warning C4996: 'wcscpy': This function or variable may be unsafe. Consider using wcscpy_s instead. To disable deprecation, use _CRT_SECURE_NO_WARNINGS. See online help for details.
  c:\program files (x86)\windows kits\10\include\10.0.10240.0\ucrt\corecrt_wstring.h(121): note:  см. объявление "wcscpy"
i:\___________my_project_cpp\___sea_battle_win32_cpp\seabattle.cpp(29): warning C4996: 'wcscpy': This function or variable may be unsafe. Consider using wcscpy_s instead. To disable deprecation, use _CRT_SECURE_NO_WARNINGS. See online help for details.
  c:\program files (x86)\windows kits\10\include\10.0.10240.0\ucrt\corecrt_wstring.h(121): note:  см. объявление "wcscpy"
i:\___________my_project_cpp\___sea_battle_win32_cpp\seabattle.cpp(30): warning C4996: 'wcscpy': This function or variable may be unsafe. Consider using wcscpy_s instead. To disable deprecation, use _CRT_SECURE_NO_WARNINGS. See online help for details.
  c:\program files (x86)\windows kits\10\include\10.0.10240.0\ucrt\corecrt_wstring.h(121): note:  см. объявление "wcscpy"
i:\___________my_project_cpp\___sea_battle_win32_cpp\seabattle.cpp(31): warning C4996: 'wcscpy': This function or variable may be unsafe. Consider using wcscpy_s instead. To disable deprecation, use _CRT_SECURE_NO_WARNINGS. See online help for details.
  c:\program files (x86)\windows kits\10\include\10.0.10240.0\ucrt\corecrt_wstring.h(121): note:  см. объявление "wcscpy"
i:\___________my_project_cpp\___sea_battle_win32_cpp\seabattle.cpp(45): warning C4996: 'wcscpy': This function or variable may be unsafe. Consider using wcscpy_s instead. To disable deprecation, use _CRT_SECURE_NO_WARNINGS. See online help for details.
  c:\program files (x86)\windows kits\10\include\10.0.10240.0\ucrt\corecrt_wstring.h(121): note:  см. объявление "wcscpy"
i:\___________my_project_cpp\___sea_battle_win32_cpp\seabattle.cpp(46): warning C4996: 'wcscpy': This function or variable may be unsafe. Consider using wcscpy_s instead. To disable deprecation, use _CRT_SECURE_NO_WARNINGS. See online help for details.
  c:\program files (x86)\windows kits\10\include\10.0.10240.0\ucrt\corecrt_wstring.h(121): note:  см. объявление "wcscpy"
i:\___________my_project_cpp\___sea_battle_win32_cpp\seabattle.cpp(47): warning C4996: 'wcscpy': This function or variable may be unsafe. Consider using wcscpy_s instead. To disable deprecation, use _CRT_SECURE_NO_WARNINGS. See online help for details.
  c:\program files (x86)\windows kits\10\include\10.0.10240.0\ucrt\corecrt_wstring.h(121): note:  см. объявление "wcscpy"
i:\___________my_project_cpp\___sea_battle_win32_cpp\seabattle.cpp(48): warning C4996: 'wcscpy': This function or variable may be unsafe. Consider using wcscpy_s instead. To disable deprecation, use _CRT_SECURE_NO_WARNINGS. See online help for details.
  c:\program files (x86)\windows kits\10\include\10.0.10240.0\ucrt\corecrt_wstring.h(121): note:  см. объявление "wcscpy"
i:\___________my_project_cpp\___sea_battle_win32_cpp\seabattle.cpp(265): warning C4244: аргумент: преобразование "time_t" в "unsigned int", возможна потеря данных
i:\___________my_project_cpp\___sea_battle_win32_cpp\seabattle.cpp(304): warning C4996: 'wcscat': This function or variable may be unsafe. Consider using wcscat_s instead. To disable deprecation, use _CRT_SECURE_NO_WARNINGS. See online help for details.
  c:\program files (x86)\windows kits\10\include\10.0.10240.0\ucrt\corecrt_wstring.h(101): note:  см. объявление "wcscat"
i:\___________my_project_cpp\___sea_battle_win32_cpp\seabattle.cpp(305): warning C4996: 'wcscat': This function or variable may be unsafe. Consider using wcscat_s instead. To disable deprecation, use _CRT_SECURE_NO_WARNINGS. See online help for details.
  c:\program files (x86)\windows kits\10\include\10.0.10240.0\ucrt\corecrt_wstring.h(101): note:  см. объявление "wcscat"
i:\___________my_project_cpp\___sea_battle_win32_cpp\seabattle.cpp(308): warning C4996: 'wcscat': This function or variable may be unsafe. Consider using wcscat_s instead. To disable deprecation, use _CRT_SECURE_NO_WARNINGS. See online help for details.
  c:\program files (x86)\windows kits\10\include\10.0.10240.0\ucrt\corecrt_wstring.h(101): note:  см. объявление "wcscat"
i:\___________my_project_cpp\___sea_battle_win32_cpp\seabattle.cpp(335): warning C4996: 'wcscat': This function or variable may be unsafe. Consider using wcscat_s instead. To disable deprecation, use _CRT_SECURE_NO_WARNINGS. See online help for details.
  c:\program files (x86)\windows kits\10\include\10.0.10240.0\ucrt\corecrt_wstring.h(101): note:  см. объявление "wcscat"
i:\___________my_project_cpp\___sea_battle_win32_cpp\seabattle.cpp(336): warning C4996: 'wcscat': This function or variable may be unsafe. Consider using wcscat_s instead. To disable deprecation, use _CRT_SECURE_NO_WARNINGS. See online help for details.
  c:\program files (x86)\windows kits\10\include\10.0.10240.0\ucrt\corecrt_wstring.h(101): note:  см. объявление "wcscat"
i:\___________my_project_cpp\___sea_battle_win32_cpp\seabattle.cpp(339): warning C4996: 'wcscat': This function or variable may be unsafe. Consider using wcscat_s instead. To disable deprecation, use _CRT_SECURE_NO_WARNINGS. See online help for details.
  c:\program files (x86)\windows kits\10\include\10.0.10240.0\ucrt\corecrt_wstring.h(101): note:  см. объявление "wcscat"
i:\___________my_project_cpp\___sea_battle_win32_cpp\seabattle.cpp(351): warning C4996: 'wcscat': This function or variable may be unsafe. Consider using wcscat_s instead. To disable deprecation, use _CRT_SECURE_NO_WARNINGS. See online help for details.
  c:\program files (x86)\windows kits\10\include\10.0.10240.0\ucrt\corecrt_wstring.h(101): note:  см. объявление "wcscat"
  Player.cpp
  AbstractShip.cpp
  Создание кода...
  ___Sea_Battle_Win32_cpp.vcxproj -> I:\___________My_Project_CPP\___Sea_Battle_Win32_cpp\Debug\___Sea_Battle_Win32_cpp.exe
